  DBManager.cpp
c:\users\miquel\documents\github\platilla_3projects\lobby\udp\deps64\mysql\include\cppconn\sqlstring.h(39): warning C4251: 'sql::SQLString::realStr': class 'std::basic_string<char,std::char_traits<char>,std::allocator<char>>' necesita tener una interfaz DLL para que la utilicen los clientes de class 'sql::SQLString'
  c:\program files (x86)\microsoft visual studio\2017\community\vc\tools\msvc\14.11.25503\include\xstring(4079): note: vea la declaración de 'std::basic_string<char,std::char_traits<char>,std::allocator<char>>'
c:\users\miquel\documents\github\platilla_3projects\lobby\udp\deps64\mysql\include\cppconn\exception.h(61): warning C4251: 'sql::SQLException::sql_state': class 'std::basic_string<char,std::char_traits<char>,std::allocator<char>>' necesita tener una interfaz DLL para que la utilicen los clientes de class 'sql::SQLException'
  c:\program files (x86)\microsoft visual studio\2017\community\vc\tools\msvc\14.11.25503\include\xstring(4079): note: vea la declaración de 'std::basic_string<char,std::char_traits<char>,std::allocator<char>>'
c:\users\miquel\documents\github\platilla_3projects\lobby\udp\deps64\mysql\include\cppconn\exception.h(145): warning C4251: 'sql::SQLUnsupportedOptionException::option': class 'std::basic_string<char,std::char_traits<char>,std::allocator<char>>' necesita tener una interfaz DLL para que la utilicen los clientes de struct 'sql::SQLUnsupportedOptionException'
  c:\program files (x86)\microsoft visual studio\2017\community\vc\tools\msvc\14.11.25503\include\xstring(4079): note: vea la declaración de 'std::basic_string<char,std::char_traits<char>,std::allocator<char>>'
  Unknown compiler version - please run the configure tests and report the results
c:\users\miquel\documents\github\platilla_3projects\lobby\udp\deps64\mysql\include\mysql_connection.h(175): warning C4251: 'sql::mysql::MySQL_Connection::proxy': class 'boost::shared_ptr<sql::mysql::NativeAPI::NativeConnectionWrapper>' necesita tener una interfaz DLL para que la utilicen los clientes de class 'sql::mysql::MySQL_Connection'
  c:\users\miquel\documents\github\platilla_3projects\lobby\udp\deps64\mysql\include\mysql_connection.h(175): note: vea la declaración de 'boost::shared_ptr<sql::mysql::NativeAPI::NativeConnectionWrapper>'
c:\users\miquel\documents\github\platilla_3projects\lobby\udp\deps64\mysql\include\mysql_connection.h(179): warning C4251: 'sql::mysql::MySQL_Connection::service': class 'boost::scoped_ptr<sql::mysql::MySQL_Statement>' necesita tener una interfaz DLL para que la utilicen los clientes de class 'sql::mysql::MySQL_Connection'
  c:\users\miquel\documents\github\platilla_3projects\lobby\udp\deps64\mysql\include\mysql_connection.h(179): note: vea la declaración de 'boost::scoped_ptr<sql::mysql::MySQL_Statement>'
c:\users\miquel\documents\github\platilla_3projects\lobby\udp\deps64\mysql\include\mysql_connection.h(181): warning C4251: 'sql::mysql::MySQL_Connection::intern': class 'boost::scoped_ptr<sql::mysql::MySQL_ConnectionData>' necesita tener una interfaz DLL para que la utilicen los clientes de class 'sql::mysql::MySQL_Connection'
  c:\users\miquel\documents\github\platilla_3projects\lobby\udp\deps64\mysql\include\mysql_connection.h(181): note: vea la declaración de 'boost::scoped_ptr<sql::mysql::MySQL_ConnectionData>'
  Generando código...
  Compilando...
  Source.cpp
  Unknown compiler version - please run the configure tests and report the results
c:\users\miquel\documents\github\platilla_3projects\lobby\udp\gameserver\source.cpp(141): warning C4244: 'argumento': conversión de 'float' a 'int'; posible pérdida de datos
c:\users\miquel\documents\github\platilla_3projects\lobby\udp\gameserver\source.cpp(148): warning C4244: 'argumento': conversión de 'float' a 'int'; posible pérdida de datos
c:\users\miquel\documents\github\platilla_3projects\lobby\udp\gameserver\source.cpp(155): warning C4244: 'argumento': conversión de 'float' a 'int'; posible pérdida de datos
c:\users\miquel\documents\github\platilla_3projects\lobby\udp\gameserver\source.cpp(219): warning C4244: 'argumento': conversión de 'int' a 'float'; posible pérdida de datos
c:\users\miquel\documents\github\platilla_3projects\lobby\udp\gameserver\source.cpp(226): warning C4244: 'argumento': conversión de 'float' a 'int'; posible pérdida de datos
  Generando código...
  GameServer.vcxproj -> C:\Users\Miquel\Documents\GitHub\Platilla_3Projects\Lobby\UDP\x64\Debug\GameServer.exe
  GameServer.vcxproj -> C:\Users\Miquel\Documents\GitHub\Platilla_3Projects\Lobby\UDP\x64\Debug\GameServer.pdb (Partial PDB)
